[02-Oct-2016 15:50:05 UTC] PHP Warning:  include(../_layout/scriptref.php): failed to open stream: No such file or directory in /home/ubuntu/workspace/page/acct_no.php on line 12
[02-Oct-2016 15:50:05 UTC] PHP Stack trace:
[02-Oct-2016 15:50:05 UTC] PHP   1. {main}() /home/ubuntu/workspace/page/acct_no.php:0
[02-Oct-2016 15:50:05 UTC] PHP Warning:  include(): Failed opening '../_layout/scriptref.php' for inclusion (include_path='.:/usr/share/php:/usr/share/pear') in /home/ubuntu/workspace/page/acct_no.php on line 12
[02-Oct-2016 15:50:05 UTC] PHP Stack trace:
[02-Oct-2016 15:50:05 UTC] PHP   1. {main}() /home/ubuntu/workspace/page/acct_no.php:0
[02-Oct-2016 15:50:05 UTC] PHP Warning:  include(../_layout/header.php): failed to open stream: No such file or directory in /home/ubuntu/workspace/page/acct_no.php on line 17
[02-Oct-2016 15:50:05 UTC] PHP Stack trace:
[02-Oct-2016 15:50:05 UTC] PHP   1. {main}() /home/ubuntu/workspace/page/acct_no.php:0
[02-Oct-2016 15:50:05 UTC] PHP Warning:  include(): Failed opening '../_layout/header.php' for inclusion (include_path='.:/usr/share/php:/usr/share/pear') in /home/ubuntu/workspace/page/acct_no.php on line 17
[02-Oct-2016 15:50:05 UTC] PHP Stack trace:
[02-Oct-2016 15:50:05 UTC] PHP   1. {main}() /home/ubuntu/workspace/page/acct_no.php:0
[02-Oct-2016 15:50:05 UTC] PHP Warning:  include(../_layout/footer.php): failed to open stream: No such file or directory in /home/ubuntu/workspace/page/acct_no.php on line 127
[02-Oct-2016 15:50:05 UTC] PHP Stack trace:
[02-Oct-2016 15:50:05 UTC] PHP   1. {main}() /home/ubuntu/workspace/page/acct_no.php:0
[02-Oct-2016 15:50:05 UTC] PHP Warning:  include(): Failed opening '../_layout/footer.php' for inclusion (include_path='.:/usr/share/php:/usr/share/pear') in /home/ubuntu/workspace/page/acct_no.php on line 127
[02-Oct-2016 15:50:05 UTC] PHP Stack trace:
[02-Oct-2016 15:50:05 UTC] PHP   1. {main}() /home/ubuntu/workspace/page/acct_no.php:0
[02-Oct-2016 15:50:34 UTC] PHP Warning:  include(../_layout/scriptref.php): failed to open stream: No such file or directory in /home/ubuntu/workspace/page/acct_no.php on line 12
[02-Oct-2016 15:50:34 UTC] PHP Stack trace:
[02-Oct-2016 15:50:34 UTC] PHP   1. {main}() /home/ubuntu/workspace/page/acct_no.php:0
[02-Oct-2016 15:50:34 UTC] PHP Warning:  include(): Failed opening '../_layout/scriptref.php' for inclusion (include_path='.:/usr/share/php:/usr/share/pear') in /home/ubuntu/workspace/page/acct_no.php on line 12
[02-Oct-2016 15:50:34 UTC] PHP Stack trace:
[02-Oct-2016 15:50:34 UTC] PHP   1. {main}() /home/ubuntu/workspace/page/acct_no.php:0
[02-Oct-2016 15:50:34 UTC] PHP Warning:  include(../_layout/header.php): failed to open stream: No such file or directory in /home/ubuntu/workspace/page/acct_no.php on line 17
[02-Oct-2016 15:50:34 UTC] PHP Stack trace:
[02-Oct-2016 15:50:34 UTC] PHP   1. {main}() /home/ubuntu/workspace/page/acct_no.php:0
[02-Oct-2016 15:50:34 UTC] PHP Warning:  include(): Failed opening '../_layout/header.php' for inclusion (include_path='.:/usr/share/php:/usr/share/pear') in /home/ubuntu/workspace/page/acct_no.php on line 17
[02-Oct-2016 15:50:34 UTC] PHP Stack trace:
[02-Oct-2016 15:50:34 UTC] PHP   1. {main}() /home/ubuntu/workspace/page/acct_no.php:0
[02-Oct-2016 15:50:34 UTC] PHP Warning:  include(../_layout/footer.php): failed to open stream: No such file or directory in /home/ubuntu/workspace/page/acct_no.php on line 127
[02-Oct-2016 15:50:34 UTC] PHP Stack trace:
[02-Oct-2016 15:50:34 UTC] PHP   1. {main}() /home/ubuntu/workspace/page/acct_no.php:0
[02-Oct-2016 15:50:34 UTC] PHP Warning:  include(): Failed opening '../_layout/footer.php' for inclusion (include_path='.:/usr/share/php:/usr/share/pear') in /home/ubuntu/workspace/page/acct_no.php on line 127
[02-Oct-2016 15:50:34 UTC] PHP Stack trace:
[02-Oct-2016 15:50:34 UTC] PHP   1. {main}() /home/ubuntu/workspace/page/acct_no.php:0
[02-Oct-2016 15:50:45 UTC] PHP Warning:  include(../_layout/scriptref.php): failed to open stream: No such file or directory in /home/ubuntu/workspace/page/acct_no.php on line 12
[02-Oct-2016 15:50:45 UTC] PHP Stack trace:
[02-Oct-2016 15:50:45 UTC] PHP   1. {main}() /home/ubuntu/workspace/page/acct_no.php:0
[02-Oct-2016 15:50:45 UTC] PHP Warning:  include(): Failed opening '../_layout/scriptref.php' for inclusion (include_path='.:/usr/share/php:/usr/share/pear') in /home/ubuntu/workspace/page/acct_no.php on line 12
[02-Oct-2016 15:50:45 UTC] PHP Stack trace:
[02-Oct-2016 15:50:45 UTC] PHP   1. {main}() /home/ubuntu/workspace/page/acct_no.php:0
[02-Oct-2016 15:50:45 UTC] PHP Warning:  include(../_layout/header.php): failed to open stream: No such file or directory in /home/ubuntu/workspace/page/acct_no.php on line 17
[02-Oct-2016 15:50:45 UTC] PHP Stack trace:
[02-Oct-2016 15:50:45 UTC] PHP   1. {main}() /home/ubuntu/workspace/page/acct_no.php:0
[02-Oct-2016 15:50:45 UTC] PHP Warning:  include(): Failed opening '../_layout/header.php' for inclusion (include_path='.:/usr/share/php:/usr/share/pear') in /home/ubuntu/workspace/page/acct_no.php on line 17
[02-Oct-2016 15:50:45 UTC] PHP Stack trace:
[02-Oct-2016 15:50:45 UTC] PHP   1. {main}() /home/ubuntu/workspace/page/acct_no.php:0
[02-Oct-2016 15:50:45 UTC] PHP Warning:  include(../_layout/footer.php): failed to open stream: No such file or directory in /home/ubuntu/workspace/page/acct_no.php on line 127
[02-Oct-2016 15:50:45 UTC] PHP Stack trace:
[02-Oct-2016 15:50:45 UTC] PHP   1. {main}() /home/ubuntu/workspace/page/acct_no.php:0
[02-Oct-2016 15:50:45 UTC] PHP Warning:  include(): Failed opening '../_layout/footer.php' for inclusion (include_path='.:/usr/share/php:/usr/share/pear') in /home/ubuntu/workspace/page/acct_no.php on line 127
[02-Oct-2016 15:50:45 UTC] PHP Stack trace:
[02-Oct-2016 15:50:45 UTC] PHP   1. {main}() /home/ubuntu/workspace/page/acct_no.php:0
[02-Jan-2017 05:07:44 UTC] PHP Warning:  include(../_layout/scriptref.php): failed to open stream: No such file or directory in /home/ubuntu/workspace/page/agriculture_goods_tn.php on line 12
[02-Jan-2017 05:07:44 UTC] PHP Stack trace:
[02-Jan-2017 05:07:44 UTC] PHP   1. {main}() /home/ubuntu/workspace/page/agriculture_goods_tn.php:0
[02-Jan-2017 05:07:44 UTC] PHP Warning:  include(): Failed opening '../_layout/scriptref.php' for inclusion (include_path='.:/usr/share/php:/usr/share/pear') in /home/ubuntu/workspace/page/agriculture_goods_tn.php on line 12
[02-Jan-2017 05:07:44 UTC] PHP Stack trace:
[02-Jan-2017 05:07:44 UTC] PHP   1. {main}() /home/ubuntu/workspace/page/agriculture_goods_tn.php:0
[02-Jan-2017 05:07:44 UTC] PHP Warning:  include(../_layout/header.php): failed to open stream: No such file or directory in /home/ubuntu/workspace/page/agriculture_goods_tn.php on line 17
[02-Jan-2017 05:07:44 UTC] PHP Stack trace:
[02-Jan-2017 05:07:44 UTC] PHP   1. {main}() /home/ubuntu/workspace/page/agriculture_goods_tn.php:0
[02-Jan-2017 05:07:44 UTC] PHP Warning:  include(): Failed opening '../_layout/header.php' for inclusion (include_path='.:/usr/share/php:/usr/share/pear') in /home/ubuntu/workspace/page/agriculture_goods_tn.php on line 17
[02-Jan-2017 05:07:44 UTC] PHP Stack trace:
[02-Jan-2017 05:07:44 UTC] PHP   1. {main}() /home/ubuntu/workspace/page/agriculture_goods_tn.php:0
[02-Jan-2017 05:07:44 UTC] PHP Warning:  include(../_layout/footer.php): failed to open stream: No such file or directory in /home/ubuntu/workspace/page/agriculture_goods_tn.php on line 147
[02-Jan-2017 05:07:44 UTC] PHP Stack trace:
[02-Jan-2017 05:07:44 UTC] PHP   1. {main}() /home/ubuntu/workspace/page/agriculture_goods_tn.php:0
[02-Jan-2017 05:07:44 UTC] PHP Warning:  include(): Failed opening '../_layout/footer.php' for inclusion (include_path='.:/usr/share/php:/usr/share/pear') in /home/ubuntu/workspace/page/agriculture_goods_tn.php on line 147
[02-Jan-2017 05:07:44 UTC] PHP Stack trace:
[02-Jan-2017 05:07:44 UTC] PHP   1. {main}() /home/ubuntu/workspace/page/agriculture_goods_tn.php:0
[02-Jan-2017 05:07:56 UTC] PHP Warning:  include(../_layout/scriptref.php): failed to open stream: No such file or directory in /home/ubuntu/workspace/page/agriculture_goods_tn.php on line 12
[02-Jan-2017 05:07:56 UTC] PHP Stack trace:
[02-Jan-2017 05:07:56 UTC] PHP   1. {main}() /home/ubuntu/workspace/page/agriculture_goods_tn.php:0
[02-Jan-2017 05:07:56 UTC] PHP Warning:  include(): Failed opening '../_layout/scriptref.php' for inclusion (include_path='.:/usr/share/php:/usr/share/pear') in /home/ubuntu/workspace/page/agriculture_goods_tn.php on line 12
[02-Jan-2017 05:07:56 UTC] PHP Stack trace:
[02-Jan-2017 05:07:56 UTC] PHP   1. {main}() /home/ubuntu/workspace/page/agriculture_goods_tn.php:0
[02-Jan-2017 05:07:56 UTC] PHP Warning:  include(../_layout/header.php): failed to open stream: No such file or directory in /home/ubuntu/workspace/page/agriculture_goods_tn.php on line 17
[02-Jan-2017 05:07:56 UTC] PHP Stack trace:
[02-Jan-2017 05:07:56 UTC] PHP   1. {main}() /home/ubuntu/workspace/page/agriculture_goods_tn.php:0
[02-Jan-2017 05:07:56 UTC] PHP Warning:  include(): Failed opening '../_layout/header.php' for inclusion (include_path='.:/usr/share/php:/usr/share/pear') in /home/ubuntu/workspace/page/agriculture_goods_tn.php on line 17
[02-Jan-2017 05:07:56 UTC] PHP Stack trace:
[02-Jan-2017 05:07:56 UTC] PHP   1. {main}() /home/ubuntu/workspace/page/agriculture_goods_tn.php:0
[02-Jan-2017 05:07:56 UTC] PHP Warning:  include(../_layout/footer.php): failed to open stream: No such file or directory in /home/ubuntu/workspace/page/agriculture_goods_tn.php on line 147
[02-Jan-2017 05:07:56 UTC] PHP Stack trace:
[02-Jan-2017 05:07:56 UTC] PHP   1. {main}() /home/ubuntu/workspace/page/agriculture_goods_tn.php:0
[02-Jan-2017 05:07:56 UTC] PHP Warning:  include(): Failed opening '../_layout/footer.php' for inclusion (include_path='.:/usr/share/php:/usr/share/pear') in /home/ubuntu/workspace/page/agriculture_goods_tn.php on line 147
[02-Jan-2017 05:07:56 UTC] PHP Stack trace:
[02-Jan-2017 05:07:56 UTC] PHP   1. {main}() /home/ubuntu/workspace/page/agriculture_goods_tn.php:0
[02-Jan-2017 05:09:26 UTC] PHP Warning:  include(../_layout/scriptref.php): failed to open stream: No such file or directory in /home/ubuntu/workspace/page/agriculture_goods_tn.php on line 12
[02-Jan-2017 05:09:26 UTC] PHP Stack trace:
[02-Jan-2017 05:09:26 UTC] PHP   1. {main}() /home/ubuntu/workspace/page/agriculture_goods_tn.php:0
[02-Jan-2017 05:09:26 UTC] PHP Warning:  include(): Failed opening '../_layout/scriptref.php' for inclusion (include_path='.:/usr/share/php:/usr/share/pear') in /home/ubuntu/workspace/page/agriculture_goods_tn.php on line 12
[02-Jan-2017 05:09:26 UTC] PHP Stack trace:
[02-Jan-2017 05:09:26 UTC] PHP   1. {main}() /home/ubuntu/workspace/page/agriculture_goods_tn.php:0
[02-Jan-2017 05:09:26 UTC] PHP Warning:  include(../_layout/header.php): failed to open stream: No such file or directory in /home/ubuntu/workspace/page/agriculture_goods_tn.php on line 17
[02-Jan-2017 05:09:26 UTC] PHP Stack trace:
[02-Jan-2017 05:09:26 UTC] PHP   1. {main}() /home/ubuntu/workspace/page/agriculture_goods_tn.php:0
[02-Jan-2017 05:09:26 UTC] PHP Warning:  include(): Failed opening '../_layout/header.php' for inclusion (include_path='.:/usr/share/php:/usr/share/pear') in /home/ubuntu/workspace/page/agriculture_goods_tn.php on line 17
[02-Jan-2017 05:09:26 UTC] PHP Stack trace:
[02-Jan-2017 05:09:26 UTC] PHP   1. {main}() /home/ubuntu/workspace/page/agriculture_goods_tn.php:0
[02-Jan-2017 05:09:26 UTC] PHP Warning:  include(../_layout/footer.php): failed to open stream: No such file or directory in /home/ubuntu/workspace/page/agriculture_goods_tn.php on line 147
[02-Jan-2017 05:09:26 UTC] PHP Stack trace:
[02-Jan-2017 05:09:26 UTC] PHP   1. {main}() /home/ubuntu/workspace/page/agriculture_goods_tn.php:0
[02-Jan-2017 05:09:26 UTC] PHP Warning:  include(): Failed opening '../_layout/footer.php' for inclusion (include_path='.:/usr/share/php:/usr/share/pear') in /home/ubuntu/workspace/page/agriculture_goods_tn.php on line 147
[02-Jan-2017 05:09:26 UTC] PHP Stack trace:
[02-Jan-2017 05:09:26 UTC] PHP   1. {main}() /home/ubuntu/workspace/page/agriculture_goods_tn.php:0
[02-Jan-2017 05:09:52 UTC] PHP Warning:  include(../_layout/scriptref.php): failed to open stream: No such file or directory in /home/ubuntu/workspace/page/agriculture_goods_tn.php on line 12
[02-Jan-2017 05:09:52 UTC] PHP Stack trace:
[02-Jan-2017 05:09:52 UTC] PHP   1. {main}() /home/ubuntu/workspace/page/agriculture_goods_tn.php:0
[02-Jan-2017 05:09:52 UTC] PHP Warning:  include(): Failed opening '../_layout/scriptref.php' for inclusion (include_path='.:/usr/share/php:/usr/share/pear') in /home/ubuntu/workspace/page/agriculture_goods_tn.php on line 12
[02-Jan-2017 05:09:52 UTC] PHP Stack trace:
[02-Jan-2017 05:09:52 UTC] PHP   1. {main}() /home/ubuntu/workspace/page/agriculture_goods_tn.php:0
[02-Jan-2017 05:09:52 UTC] PHP Warning:  include(../_layout/header.php): failed to open stream: No such file or directory in /home/ubuntu/workspace/page/agriculture_goods_tn.php on line 17
[02-Jan-2017 05:09:52 UTC] PHP Stack trace:
[02-Jan-2017 05:09:52 UTC] PHP   1. {main}() /home/ubuntu/workspace/page/agriculture_goods_tn.php:0
[02-Jan-2017 05:09:52 UTC] PHP Warning:  include(): Failed opening '../_layout/header.php' for inclusion (include_path='.:/usr/share/php:/usr/share/pear') in /home/ubuntu/workspace/page/agriculture_goods_tn.php on line 17
[02-Jan-2017 05:09:52 UTC] PHP Stack trace:
[02-Jan-2017 05:09:52 UTC] PHP   1. {main}() /home/ubuntu/workspace/page/agriculture_goods_tn.php:0
[02-Jan-2017 05:09:52 UTC] PHP Warning:  include(../_layout/footer.php): failed to open stream: No such file or directory in /home/ubuntu/workspace/page/agriculture_goods_tn.php on line 147
[02-Jan-2017 05:09:52 UTC] PHP Stack trace:
[02-Jan-2017 05:09:52 UTC] PHP   1. {main}() /home/ubuntu/workspace/page/agriculture_goods_tn.php:0
[02-Jan-2017 05:09:52 UTC] PHP Warning:  include(): Failed opening '../_layout/footer.php' for inclusion (include_path='.:/usr/share/php:/usr/share/pear') in /home/ubuntu/workspace/page/agriculture_goods_tn.php on line 147
[02-Jan-2017 05:09:52 UTC] PHP Stack trace:
[02-Jan-2017 05:09:52 UTC] PHP   1. {main}() /home/ubuntu/workspace/page/agriculture_goods_tn.php:0
[02-Jan-2017 05:09:53 UTC] PHP Warning:  include(../_layout/scriptref.php): failed to open stream: No such file or directory in /home/ubuntu/workspace/page/agriculture_goods_tn.php on line 12
[02-Jan-2017 05:09:53 UTC] PHP Stack trace:
[02-Jan-2017 05:09:53 UTC] PHP   1. {main}() /home/ubuntu/workspace/page/agriculture_goods_tn.php:0
[02-Jan-2017 05:09:53 UTC] PHP Warning:  include(): Failed opening '../_layout/scriptref.php' for inclusion (include_path='.:/usr/share/php:/usr/share/pear') in /home/ubuntu/workspace/page/agriculture_goods_tn.php on line 12
[02-Jan-2017 05:09:53 UTC] PHP Stack trace:
[02-Jan-2017 05:09:53 UTC] PHP   1. {main}() /home/ubuntu/workspace/page/agriculture_goods_tn.php:0
[02-Jan-2017 05:09:53 UTC] PHP Warning:  include(../_layout/header.php): failed to open stream: No such file or directory in /home/ubuntu/workspace/page/agriculture_goods_tn.php on line 17
[02-Jan-2017 05:09:53 UTC] PHP Stack trace:
[02-Jan-2017 05:09:53 UTC] PHP   1. {main}() /home/ubuntu/workspace/page/agriculture_goods_tn.php:0
[02-Jan-2017 05:09:53 UTC] PHP Warning:  include(): Failed opening '../_layout/header.php' for inclusion (include_path='.:/usr/share/php:/usr/share/pear') in /home/ubuntu/workspace/page/agriculture_goods_tn.php on line 17
[02-Jan-2017 05:09:53 UTC] PHP Stack trace:
[02-Jan-2017 05:09:53 UTC] PHP   1. {main}() /home/ubuntu/workspace/page/agriculture_goods_tn.php:0
[02-Jan-2017 05:09:53 UTC] PHP Warning:  include(../_layout/footer.php): failed to open stream: No such file or directory in /home/ubuntu/workspace/page/agriculture_goods_tn.php on line 147
[02-Jan-2017 05:09:53 UTC] PHP Stack trace:
[02-Jan-2017 05:09:53 UTC] PHP   1. {main}() /home/ubuntu/workspace/page/agriculture_goods_tn.php:0
[02-Jan-2017 05:09:53 UTC] PHP Warning:  include(): Failed opening '../_layout/footer.php' for inclusion (include_path='.:/usr/share/php:/usr/share/pear') in /home/ubuntu/workspace/page/agriculture_goods_tn.php on line 147
[02-Jan-2017 05:09:53 UTC] PHP Stack trace:
[02-Jan-2017 05:09:53 UTC] PHP   1. {main}() /home/ubuntu/workspace/page/agriculture_goods_tn.php:0
[02-Jan-2017 05:11:00 UTC] PHP Warning:  include(../_layout/scriptref.php): failed to open stream: No such file or directory in /home/ubuntu/workspace/page/agriculture_goods_tn.php on line 12
[02-Jan-2017 05:11:00 UTC] PHP Stack trace:
[02-Jan-2017 05:11:00 UTC] PHP   1. {main}() /home/ubuntu/workspace/page/agriculture_goods_tn.php:0
[02-Jan-2017 05:11:00 UTC] PHP Warning:  include(): Failed opening '../_layout/scriptref.php' for inclusion (include_path='.:/usr/share/php:/usr/share/pear') in /home/ubuntu/workspace/page/agriculture_goods_tn.php on line 12
[02-Jan-2017 05:11:00 UTC] PHP Stack trace:
[02-Jan-2017 05:11:00 UTC] PHP   1. {main}() /home/ubuntu/workspace/page/agriculture_goods_tn.php:0
[02-Jan-2017 05:11:00 UTC] PHP Warning:  include(../_layout/header.php): failed to open stream: No such file or directory in /home/ubuntu/workspace/page/agriculture_goods_tn.php on line 17
[02-Jan-2017 05:11:00 UTC] PHP Stack trace:
[02-Jan-2017 05:11:00 UTC] PHP   1. {main}() /home/ubuntu/workspace/page/agriculture_goods_tn.php:0
[02-Jan-2017 05:11:00 UTC] PHP Warning:  include(): Failed opening '../_layout/header.php' for inclusion (include_path='.:/usr/share/php:/usr/share/pear') in /home/ubuntu/workspace/page/agriculture_goods_tn.php on line 17
[02-Jan-2017 05:11:00 UTC] PHP Stack trace:
[02-Jan-2017 05:11:00 UTC] PHP   1. {main}() /home/ubuntu/workspace/page/agriculture_goods_tn.php:0
[02-Jan-2017 05:11:00 UTC] PHP Warning:  include(../_layout/footer.php): failed to open stream: No such file or directory in /home/ubuntu/workspace/page/agriculture_goods_tn.php on line 147
[02-Jan-2017 05:11:00 UTC] PHP Stack trace:
[02-Jan-2017 05:11:00 UTC] PHP   1. {main}() /home/ubuntu/workspace/page/agriculture_goods_tn.php:0
[02-Jan-2017 05:11:00 UTC] PHP Warning:  include(): Failed opening '../_layout/footer.php' for inclusion (include_path='.:/usr/share/php:/usr/share/pear') in /home/ubuntu/workspace/page/agriculture_goods_tn.php on line 147
[02-Jan-2017 05:11:00 UTC] PHP Stack trace:
[02-Jan-2017 05:11:00 UTC] PHP   1. {main}() /home/ubuntu/workspace/page/agriculture_goods_tn.php:0
[02-Jan-2017 05:11:05 UTC] PHP Warning:  include(../_layout/scriptref.php): failed to open stream: No such file or directory in /home/ubuntu/workspace/page/agriculture_goods_tn.php on line 12
[02-Jan-2017 05:11:05 UTC] PHP Stack trace:
[02-Jan-2017 05:11:05 UTC] PHP   1. {main}() /home/ubuntu/workspace/page/agriculture_goods_tn.php:0
[02-Jan-2017 05:11:05 UTC] PHP Warning:  include(): Failed opening '../_layout/scriptref.php' for inclusion (include_path='.:/usr/share/php:/usr/share/pear') in /home/ubuntu/workspace/page/agriculture_goods_tn.php on line 12
[02-Jan-2017 05:11:05 UTC] PHP Stack trace:
[02-Jan-2017 05:11:05 UTC] PHP   1. {main}() /home/ubuntu/workspace/page/agriculture_goods_tn.php:0
[02-Jan-2017 05:11:05 UTC] PHP Warning:  include(../_layout/header.php): failed to open stream: No such file or directory in /home/ubuntu/workspace/page/agriculture_goods_tn.php on line 17
[02-Jan-2017 05:11:05 UTC] PHP Stack trace:
[02-Jan-2017 05:11:05 UTC] PHP   1. {main}() /home/ubuntu/workspace/page/agriculture_goods_tn.php:0
[02-Jan-2017 05:11:05 UTC] PHP Warning:  include(): Failed opening '../_layout/header.php' for inclusion (include_path='.:/usr/share/php:/usr/share/pear') in /home/ubuntu/workspace/page/agriculture_goods_tn.php on line 17
[02-Jan-2017 05:11:05 UTC] PHP Stack trace:
[02-Jan-2017 05:11:05 UTC] PHP   1. {main}() /home/ubuntu/workspace/page/agriculture_goods_tn.php:0
[02-Jan-2017 05:11:05 UTC] PHP Warning:  include(../_layout/footer.php): failed to open stream: No such file or directory in /home/ubuntu/workspace/page/agriculture_goods_tn.php on line 147
[02-Jan-2017 05:11:05 UTC] PHP Stack trace:
[02-Jan-2017 05:11:05 UTC] PHP   1. {main}() /home/ubuntu/workspace/page/agriculture_goods_tn.php:0
[02-Jan-2017 05:11:05 UTC] PHP Warning:  include(): Failed opening '../_layout/footer.php' for inclusion (include_path='.:/usr/share/php:/usr/share/pear') in /home/ubuntu/workspace/page/agriculture_goods_tn.php on line 147
[02-Jan-2017 05:11:05 UTC] PHP Stack trace:
[02-Jan-2017 05:11:05 UTC] PHP   1. {main}() /home/ubuntu/workspace/page/agriculture_goods_tn.php:0
[02-Jan-2017 05:11:07 UTC] PHP Warning:  include(../_layout/scriptref.php): failed to open stream: No such file or directory in /home/ubuntu/workspace/page/agriculture_goods_tn.php on line 12
[02-Jan-2017 05:11:07 UTC] PHP Stack trace:
[02-Jan-2017 05:11:07 UTC] PHP   1. {main}() /home/ubuntu/workspace/page/agriculture_goods_tn.php:0
[02-Jan-2017 05:11:07 UTC] PHP Warning:  include(): Failed opening '../_layout/scriptref.php' for inclusion (include_path='.:/usr/share/php:/usr/share/pear') in /home/ubuntu/workspace/page/agriculture_goods_tn.php on line 12
[02-Jan-2017 05:11:07 UTC] PHP Stack trace:
[02-Jan-2017 05:11:07 UTC] PHP   1. {main}() /home/ubuntu/workspace/page/agriculture_goods_tn.php:0
[02-Jan-2017 05:11:07 UTC] PHP Warning:  include(../_layout/header.php): failed to open stream: No such file or directory in /home/ubuntu/workspace/page/agriculture_goods_tn.php on line 17
[02-Jan-2017 05:11:07 UTC] PHP Stack trace:
[02-Jan-2017 05:11:07 UTC] PHP   1. {main}() /home/ubuntu/workspace/page/agriculture_goods_tn.php:0
[02-Jan-2017 05:11:07 UTC] PHP Warning:  include(): Failed opening '../_layout/header.php' for inclusion (include_path='.:/usr/share/php:/usr/share/pear') in /home/ubuntu/workspace/page/agriculture_goods_tn.php on line 17
[02-Jan-2017 05:11:07 UTC] PHP Stack trace:
[02-Jan-2017 05:11:07 UTC] PHP   1. {main}() /home/ubuntu/workspace/page/agriculture_goods_tn.php:0
[02-Jan-2017 05:11:07 UTC] PHP Warning:  include(../_layout/footer.php): failed to open stream: No such file or directory in /home/ubuntu/workspace/page/agriculture_goods_tn.php on line 147
[02-Jan-2017 05:11:07 UTC] PHP Stack trace:
[02-Jan-2017 05:11:07 UTC] PHP   1. {main}() /home/ubuntu/workspace/page/agriculture_goods_tn.php:0
[02-Jan-2017 05:11:07 UTC] PHP Warning:  include(): Failed opening '../_layout/footer.php' for inclusion (include_path='.:/usr/share/php:/usr/share/pear') in /home/ubuntu/workspace/page/agriculture_goods_tn.php on line 147
[02-Jan-2017 05:11:07 UTC] PHP Stack trace:
[02-Jan-2017 05:11:07 UTC] PHP   1. {main}() /home/ubuntu/workspace/page/agriculture_goods_tn.php:0
[20-May-2017 19:39:18 UTC] PHP Warning:  Invalid argument supplied for foreach() in /home/ubuntu/workspace/php/api.php on line 62
[20-May-2017 19:39:18 UTC] PHP Stack trace:
[20-May-2017 19:39:18 UTC] PHP   1. {main}() /home/ubuntu/workspace/php/api.php:0
[20-May-2017 19:41:12 UTC] PHP Warning:  Invalid argument supplied for foreach() in /home/ubuntu/workspace/php/api.php on line 62
[20-May-2017 19:41:12 UTC] PHP Stack trace:
[20-May-2017 19:41:12 UTC] PHP   1. {main}() /home/ubuntu/workspace/php/api.php:0
[20-May-2017 19:41:51 UTC] PHP Warning:  Invalid argument supplied for foreach() in /home/ubuntu/workspace/php/api.php on line 62
[20-May-2017 19:41:51 UTC] PHP Stack trace:
[20-May-2017 19:41:51 UTC] PHP   1. {main}() /home/ubuntu/workspace/php/api.php:0
[20-May-2017 19:44:18 UTC] PHP Warning:  Invalid argument supplied for foreach() in /home/ubuntu/workspace/php/api.php on line 62
[20-May-2017 19:44:18 UTC] PHP Stack trace:
[20-May-2017 19:44:18 UTC] PHP   1. {main}() /home/ubuntu/workspace/php/api.php:0
[20-May-2017 19:49:34 UTC] PHP Warning:  Invalid argument supplied for foreach() in /home/ubuntu/workspace/php/api.php on line 62
[20-May-2017 19:49:34 UTC] PHP Stack trace:
[20-May-2017 19:49:34 UTC] PHP   1. {main}() /home/ubuntu/workspace/php/api.php:0
[24-May-2017 17:50:36 UTC] PHP Warning:  Invalid argument supplied for foreach() in /home/ubuntu/workspace/php/api.php on line 62
[24-May-2017 17:50:36 UTC] PHP Stack trace:
[24-May-2017 17:50:36 UTC] PHP   1. {main}() /home/ubuntu/workspace/php/api.php:0
[24-May-2017 17:50:41 UTC] PHP Warning:  Invalid argument supplied for foreach() in /home/ubuntu/workspace/php/api.php on line 62
[24-May-2017 17:50:41 UTC] PHP Stack trace:
[24-May-2017 17:50:41 UTC] PHP   1. {main}() /home/ubuntu/workspace/php/api.php:0
[24-May-2017 17:50:58 UTC] PHP Warning:  Invalid argument supplied for foreach() in /home/ubuntu/workspace/php/api.php on line 62
[24-May-2017 17:50:58 UTC] PHP Stack trace:
[24-May-2017 17:50:58 UTC] PHP   1. {main}() /home/ubuntu/workspace/php/api.php:0
[24-May-2017 17:51:03 UTC] PHP Warning:  Invalid argument supplied for foreach() in /home/ubuntu/workspace/php/api.php on line 62
[24-May-2017 17:51:03 UTC] PHP Stack trace:
[24-May-2017 17:51:03 UTC] PHP   1. {main}() /home/ubuntu/workspace/php/api.php:0
[24-May-2017 17:51:48 UTC] PHP Warning:  Invalid argument supplied for foreach() in /home/ubuntu/workspace/php/api.php on line 62
[24-May-2017 17:51:48 UTC] PHP Stack trace:
[24-May-2017 17:51:48 UTC] PHP   1. {main}() /home/ubuntu/workspace/php/api.php:0
[24-May-2017 17:51:52 UTC] PHP Warning:  Invalid argument supplied for foreach() in /home/ubuntu/workspace/php/api.php on line 62
[24-May-2017 17:51:52 UTC] PHP Stack trace:
[24-May-2017 17:51:52 UTC] PHP   1. {main}() /home/ubuntu/workspace/php/api.php:0
[24-May-2017 18:11:42 UTC] PHP Warning:  Invalid argument supplied for foreach() in /home/ubuntu/workspace/php/api.php on line 62
[24-May-2017 18:11:42 UTC] PHP Stack trace:
[24-May-2017 18:11:42 UTC] PHP   1. {main}() /home/ubuntu/workspace/php/api.php:0
[24-May-2017 18:11:42 UTC] PHP Warning:  array_key_exists() expects parameter 2 to be array, null given in /home/ubuntu/workspace/php/api.php on line 117
[24-May-2017 18:11:42 UTC] PHP Stack trace:
[24-May-2017 18:11:42 UTC] PHP   1. {main}() /home/ubuntu/workspace/php/api.php:0
[24-May-2017 18:11:42 UTC] PHP   2. array_key_exists() /home/ubuntu/workspace/php/api.php:117
[24-May-2017 18:11:48 UTC] PHP Warning:  Invalid argument supplied for foreach() in /home/ubuntu/workspace/php/api.php on line 62
[24-May-2017 18:11:48 UTC] PHP Stack trace:
[24-May-2017 18:11:48 UTC] PHP   1. {main}() /home/ubuntu/workspace/php/api.php:0
[24-May-2017 18:11:48 UTC] PHP Warning:  array_key_exists() expects parameter 2 to be array, null given in /home/ubuntu/workspace/php/api.php on line 117
[24-May-2017 18:11:48 UTC] PHP Stack trace:
[24-May-2017 18:11:48 UTC] PHP   1. {main}() /home/ubuntu/workspace/php/api.php:0
[24-May-2017 18:11:48 UTC] PHP   2. array_key_exists() /home/ubuntu/workspace/php/api.php:117
[24-May-2017 18:15:38 UTC] PHP Warning:  Invalid argument supplied for foreach() in /home/ubuntu/workspace/php/api.php on line 62
[24-May-2017 18:15:38 UTC] PHP Stack trace:
[24-May-2017 18:15:38 UTC] PHP   1. {main}() /home/ubuntu/workspace/php/api.php:0
[24-May-2017 18:15:38 UTC] PHP Warning:  array_key_exists() expects parameter 2 to be array, null given in /home/ubuntu/workspace/php/api.php on line 117
[24-May-2017 18:15:38 UTC] PHP Stack trace:
[24-May-2017 18:15:38 UTC] PHP   1. {main}() /home/ubuntu/workspace/php/api.php:0
[24-May-2017 18:15:38 UTC] PHP   2. array_key_exists() /home/ubuntu/workspace/php/api.php:117
